  vm.c
F:\aq\prototype\aqstl.h(1479,37): warning C4244: “函数”: 从“double”转换到“int”，可能丢失数据
F:\aq\prototype\vm.c(524,38): warning C4244: “return”: 从“int64_t”转换到“int8_t”，可能丢失数据
F:\aq\prototype\vm.c(526,38): warning C4244: “return”: 从“double”转换到“int8_t”，可能丢失数据
F:\aq\prototype\vm.c(528,38): warning C4244: “return”: 从“uint64_t”转换到“int8_t”，可能丢失数据
F:\aq\prototype\vm.c(536,39): warning C4244: “return”: 从“int64_t”转换到“int8_t”，可能丢失数据
F:\aq\prototype\vm.c(538,39): warning C4244: “return”: 从“double”转换到“int8_t”，可能丢失数据
F:\aq\prototype\vm.c(540,39): warning C4244: “return”: 从“uint64_t”转换到“int8_t”，可能丢失数据
F:\aq\prototype\vm.c(560,35): warning C4244: “return”: 从“int64_t”转换到“int8_t”，可能丢失数据
F:\aq\prototype\vm.c(562,35): warning C4244: “return”: 从“double”转换到“int8_t”，可能丢失数据
F:\aq\prototype\vm.c(564,35): warning C4244: “return”: 从“uint64_t”转换到“int8_t”，可能丢失数据
F:\aq\prototype\vm.c(592,24): warning C4244: “return”: 从“int64_t”转换到“int8_t”，可能丢失数据
F:\aq\prototype\vm.c(594,24): warning C4244: “return”: 从“double”转换到“int8_t”，可能丢失数据
F:\aq\prototype\vm.c(596,24): warning C4244: “return”: 从“uint64_t”转换到“int8_t”，可能丢失数据
F:\aq\prototype\vm.c(604,39): warning C4244: “return”: 从“int64_t”转换到“int8_t”，可能丢失数据
F:\aq\prototype\vm.c(606,39): warning C4244: “return”: 从“double”转换到“int8_t”，可能丢失数据
F:\aq\prototype\vm.c(608,39): warning C4244: “return”: 从“uint64_t”转换到“int8_t”，可能丢失数据
F:\aq\prototype\vm.c(628,35): warning C4244: “return”: 从“int64_t”转换到“int8_t”，可能丢失数据
F:\aq\prototype\vm.c(630,35): warning C4244: “return”: 从“double”转换到“int8_t”，可能丢失数据
F:\aq\prototype\vm.c(632,35): warning C4244: “return”: 从“uint64_t”转换到“int8_t”，可能丢失数据
F:\aq\prototype\vm.c(689,38): warning C4244: “return”: 从“double”转换到“int64_t”，可能丢失数据
F:\aq\prototype\vm.c(701,39): warning C4244: “return”: 从“double”转换到“int64_t”，可能丢失数据
F:\aq\prototype\vm.c(726,35): warning C4244: “return”: 从“double”转换到“int64_t”，可能丢失数据
F:\aq\prototype\vm.c(756,26): warning C4244: “return”: 从“double”转换到“int64_t”，可能丢失数据
F:\aq\prototype\vm.c(768,39): warning C4244: “return”: 从“double”转换到“int64_t”，可能丢失数据
F:\aq\prototype\vm.c(793,35): warning C4244: “return”: 从“double”转换到“int64_t”，可能丢失数据
F:\aq\prototype\vm.c(849,38): warning C4244: “return”: 从“int64_t”转换到“double”，可能丢失数据
F:\aq\prototype\vm.c(853,38): warning C4244: “return”: 从“uint64_t”转换到“double”，可能丢失数据
F:\aq\prototype\vm.c(861,39): warning C4244: “return”: 从“int64_t”转换到“double”，可能丢失数据
F:\aq\prototype\vm.c(865,39): warning C4244: “return”: 从“uint64_t”转换到“double”，可能丢失数据
F:\aq\prototype\vm.c(885,35): warning C4244: “return”: 从“int64_t”转换到“double”，可能丢失数据
F:\aq\prototype\vm.c(889,35): warning C4244: “return”: 从“uint64_t”转换到“double”，可能丢失数据
F:\aq\prototype\vm.c(915,26): warning C4244: “return”: 从“int64_t”转换到“double”，可能丢失数据
F:\aq\prototype\vm.c(919,26): warning C4244: “return”: 从“uint64_t”转换到“double”，可能丢失数据
F:\aq\prototype\vm.c(927,39): warning C4244: “return”: 从“int64_t”转换到“double”，可能丢失数据
F:\aq\prototype\vm.c(931,39): warning C4244: “return”: 从“uint64_t”转换到“double”，可能丢失数据
F:\aq\prototype\vm.c(951,35): warning C4244: “return”: 从“int64_t”转换到“double”，可能丢失数据
F:\aq\prototype\vm.c(955,35): warning C4244: “return”: 从“uint64_t”转换到“double”，可能丢失数据
F:\aq\prototype\vm.c(985,38): warning C4244: “return”: 从“double”转换到“uint64_t”，可能丢失数据
F:\aq\prototype\vm.c(997,39): warning C4244: “return”: 从“double”转换到“uint64_t”，可能丢失数据
F:\aq\prototype\vm.c(1021,35): warning C4244: “return”: 从“double”转换到“uint64_t”，可能丢失数据
F:\aq\prototype\vm.c(1053,26): warning C4244: “return”: 从“double”转换到“uint64_t”，可能丢失数据
F:\aq\prototype\vm.c(1065,39): warning C4244: “return”: 从“double”转换到“uint64_t”，可能丢失数据
F:\aq\prototype\vm.c(1090,35): warning C4244: “return”: 从“double”转换到“uint64_t”，可能丢失数据
F:\aq\prototype\vm.c(1555,28): warning C4244: “函数”: 从“int64_t”转换到“int8_t”，可能丢失数据
F:\aq\prototype\vm.c(1558,30): warning C4244: “函数”: 从“int64_t”转换到“double”，可能丢失数据
F:\aq\prototype\vm.c(1628,28): warning C4244: “函数”: 从“double”转换到“int8_t”，可能丢失数据
F:\aq\prototype\vm.c(1631,28): warning C4244: “函数”: 从“double”转换到“int64_t”，可能丢失数据
F:\aq\prototype\vm.c(1634,31): warning C4244: “函数”: 从“double”转换到“uint64_t”，可能丢失数据
F:\aq\prototype\vm.c(1661,28): warning C4244: “函数”: 从“uint64_t”转换到“int8_t”，可能丢失数据
F:\aq\prototype\vm.c(1667,30): warning C4244: “函数”: 从“uint64_t”转换到“double”，可能丢失数据
F:\aq\prototype\vm.c(2113,33): warning C4244: “函数”: 从“int64_t”转换到“int8_t”，可能丢失数据
F:\aq\prototype\vm.c(2116,35): warning C4244: “函数”: 从“int64_t”转换到“double”，可能丢失数据
F:\aq\prototype\vm.c(2182,33): warning C4244: “函数”: 从“double”转换到“int8_t”，可能丢失数据
F:\aq\prototype\vm.c(2185,33): warning C4244: “函数”: 从“double”转换到“int64_t”，可能丢失数据
F:\aq\prototype\vm.c(2188,36): warning C4244: “函数”: 从“double”转换到“uint64_t”，可能丢失数据
F:\aq\prototype\vm.c(2212,33): warning C4244: “函数”: 从“uint64_t”转换到“int8_t”，可能丢失数据
F:\aq\prototype\vm.c(2218,35): warning C4244: “函数”: 从“uint64_t”转换到“double”，可能丢失数据
F:\aq\prototype\vm.c(3065,42): warning C4267: “+=”: 从“size_t”转换到“int”，可能丢失数据
F:\aq\prototype\vm.c(6307,10): warning C4047: “初始化”:“bool”与“void *”的间接级别不同
  main.cpp
  Windows.vcxproj -> F:\Genesis\Windows\x64\Debug\Windows.exe
